<?xml version="1.0" encoding="UTF-8"?>
<!-- Generated by org.testng.reporters.JUnitXMLReporter -->
<testsuite ignored="0" hostname="christian-System" failures="0" tests="3" name="Command line test" time="0.054" errors="0" timestamp="2020-09-12T13:07:40 PET">
  <testcase classname="MinesweeperTest" name="testCase0" time="0.017"/>
  <testcase classname="MinesweeperTest" name="testCase1" time="0.02"/>
  <testcase classname="MinesweeperTest" name="testCase2" time="0.002"/>
</testsuite> <!-- Command line test -->
